<?xml version="1.0" encoding="UTF-8"?>
<testng-results ignored="0" total="1" passed="1" failed="0" skipped="0">
  <reporter-output>
  </reporter-output>
  <suite started-at="2025-03-04T09:21:30 IST" name="Default suite" finished-at="2025-03-04T09:21:56 IST" duration-ms="26099">
    <groups>
    </groups>
    <test started-at="2025-03-04T09:21:30 IST" name="Default test" finished-at="2025-03-04T09:21:56 IST" duration-ms="26099">
      <class name="Com.shoppersstack_TestScript.TC_002_verify_user_able_to_delete_address_or_not">
        <test-method is-config="true" signature="beforeSuite()[pri:0, instance:Com.shoppersstack_TestScript.TC_002_verify_user_able_to_delete_address_or_not@747f281]" started-at="2025-03-04T09:21:30 IST" name="beforeSuite" finished-at="2025-03-04T09:21:30 IST" duration-ms="28" status="PASS">
          <reporter-output>
          </reporter-output>
        </test-method> <!-- beforeSuite -->
        <test-method is-config="true" signature="beforeTest()[pri:0, instance:Com.shoppersstack_TestScript.TC_002_verify_user_able_to_delete_address_or_not@747f281]" started-at="2025-03-04T09:21:30 IST" name="beforeTest" finished-at="2025-03-04T09:21:30 IST" duration-ms="455" status="PASS">
          <reporter-output>
          </reporter-output>
        </test-method> <!-- beforeTest -->
        <test-method is-config="true" signature="beforeClass()[pri:0, instance:Com.shoppersstack_TestScript.TC_002_verify_user_able_to_delete_address_or_not@747f281]" started-at="2025-03-04T09:21:30 IST" name="beforeClass" finished-at="2025-03-04T09:21:36 IST" duration-ms="5634" status="PASS">
          <reporter-output>
          </reporter-output>
        </test-method> <!-- beforeClass -->
        <test-method is-config="true" signature="beforeMethod()[pri:0, instance:Com.shoppersstack_TestScript.TC_002_verify_user_able_to_delete_address_or_not@747f281]" started-at="2025-03-04T09:21:36 IST" name="beforeMethod" finished-at="2025-03-04T09:21:45 IST" duration-ms="9516" status="PASS">
          <reporter-output>
          </reporter-output>
        </test-method> <!-- beforeMethod -->
        <test-method signature="deleteAddress()[pri:0, instance:Com.shoppersstack_TestScript.TC_002_verify_user_able_to_delete_address_or_not@747f281]" started-at="2025-03-04T09:21:45 IST" name="deleteAddress" finished-at="2025-03-04T09:21:55 IST" duration-ms="9140" status="PASS">
          <reporter-output>
          </reporter-output>
        </test-method> <!-- deleteAddress -->
        <test-method is-config="true" signature="afterMethod()[pri:0, instance:Com.shoppersstack_TestScript.TC_002_verify_user_able_to_delete_address_or_not@747f281]" started-at="2025-03-04T09:21:55 IST" name="afterMethod" finished-at="2025-03-04T09:21:55 IST" duration-ms="767" status="PASS">
          <reporter-output>
          </reporter-output>
        </test-method> <!-- afterMethod -->
        <test-method is-config="true" signature="afterClass()[pri:0, instance:Com.shoppersstack_TestScript.TC_002_verify_user_able_to_delete_address_or_not@747f281]" started-at="2025-03-04T09:21:55 IST" name="afterClass" finished-at="2025-03-04T09:21:56 IST" duration-ms="487" status="PASS">
          <reporter-output>
          </reporter-output>
        </test-method> <!-- afterClass -->
        <test-method is-config="true" signature="afterTest()[pri:0, instance:Com.shoppersstack_TestScript.TC_002_verify_user_able_to_delete_address_or_not@747f281]" started-at="2025-03-04T09:21:56 IST" name="afterTest" finished-at="2025-03-04T09:21:56 IST" duration-ms="1" status="PASS">
          <reporter-output>
          </reporter-output>
        </test-method> <!-- afterTest -->
        <test-method is-config="true" signature="afterSuite()[pri:0, instance:Com.shoppersstack_TestScript.TC_002_verify_user_able_to_delete_address_or_not@747f281]" started-at="2025-03-04T09:21:56 IST" name="afterSuite" finished-at="2025-03-04T09:21:56 IST" duration-ms="1" status="PASS">
          <reporter-output>
          </reporter-output>
        </test-method> <!-- afterSuite -->
      </class> <!-- Com.shoppersstack_TestScript.TC_002_verify_user_able_to_delete_address_or_not -->
    </test> <!-- Default test -->
  </suite> <!-- Default suite -->
</testng-results>
